<?xml version="1.0" encoding="UTF-8"?>
<!-- Generated by org.testng.reporters.JUnitXMLReporter -->
<testsuite ignored="4" hostname="LAPTOP-C8Q9NE1G" failures="0" tests="1" name="Default test" time="2.9" errors="0" timestamp="2026-09-17T13:51:25 IST">
  <testcase classname="Practice.GetAndAssertValues" name="postAResourceUsingJavaMap" time="2.87"/>
  <testcase classname="Practice.GetAndAssertValues" name="postAResource" time="0.0">
    <ignored/>
  </testcase> <!-- postAResource -->
  <testcase classname="Practice.GetAndAssertValues" name="getwithqueryParams" time="0.0">
    <ignored/>
  </testcase> <!-- getwithqueryParams -->
  <testcase classname="Practice.GetAndAssertValues" name="assertValues" time="0.0">
    <ignored/>
  </testcase> <!-- assertValues -->
  <testcase classname="Practice.GetAndAssertValues" name="sendARequestHeader" time="0.0">
    <ignored/>
  </testcase> <!-- sendARequestHeader -->
</testsuite> <!-- Default test -->
