<?xml version="1.0" encoding="UTF-8"?>
<testng-results ignored="4" total="5" passed="1" failed="0" skipped="0">
  <reporter-output>
  </reporter-output>
  <suite started-at="2026-09-17T13:51:22 IST" name="Default suite" finished-at="2026-09-17T13:51:25 IST" duration-ms="2900">
    <groups>
    </groups>
    <test started-at="2026-09-17T13:51:22 IST" name="Default test" finished-at="2026-09-17T13:51:25 IST" duration-ms="2900">
      <class name="Practice.GetAndAssertValues">
        <test-method signature="postAResourceUsingJavaMap()[pri:0, instance:Practice.GetAndAssertValues@30c15d8b]" started-at="2026-09-17T13:51:22 IST" name="postAResourceUsingJavaMap" finished-at="2026-09-17T13:51:25 IST" duration-ms="2870" status="PASS">
          <reporter-output>
          </reporter-output>
        </test-method> <!-- postAResourceUsingJavaMap -->
      </class> <!-- Practice.GetAndAssertValues -->
    </test> <!-- Default test -->
  </suite> <!-- Default suite -->
</testng-results>
