<?xml version="1.0" encoding="UTF-8"?>
<!-- Generated by org.testng.reporters.JUnitReportReporter -->
<testsuite hostname="LAPTOP-C8Q9NE1G" failures="0" tests="4" name="api.tests.storeTests" time="7.595" errors="0" timestamp="2026-09-05T15:04:05 IST" skipped="0">
  <testcase classname="api.tests.storeTests" name="placeOrder" time="3.216"/>
  <testcase classname="api.tests.storeTests" name="getPetInventory" time="1.429"/>
  <testcase classname="api.tests.storeTests" name="getPurchaseOrder" time="1.422"/>
  <testcase classname="api.tests.storeTests" name="deleteOrder" time="1.528"/>
</testsuite> <!-- api.tests.storeTests -->
