<?xml version="1.0" encoding="UTF-8"?>
<!-- Generated by org.testng.reporters.JUnitReportReporter -->
<testsuite hostname="LAPTOP-C8Q9NE1G" failures="0" tests="3" name="Practice.GetAndAssertValues" time="2.870" errors="0" timestamp="2026-09-17T13:51:25 IST" skipped="2">
  <testcase classname="Practice.GetAndAssertValues" name="postAResourceUsingJavaMap" time="2.870"/>
  <testcase classname="Practice.GetAndAssertValues" name="getwithqueryParams">
    <skipped/>
  </testcase> <!-- getwithqueryParams -->
  <testcase classname="Practice.GetAndAssertValues" name="assertValues">
    <skipped/>
  </testcase> <!-- assertValues -->
</testsuite> <!-- Practice.GetAndAssertValues -->
