<?xml version="1.0" encoding="UTF-8"?>
<!-- Generated by org.testng.reporters.JUnitReportReporter -->
<testsuite hostname="LAPTOP-C8Q9NE1G" failures="0" tests="100" name="api.tests.DataDrivenTests" time="148.105" errors="1" timestamp="2026-09-05T19:37:48 IST" skipped="0">
  <testcase classname="api.tests.DataDrivenTests" name="getAllStoreData" time="1.364"/>
  <testcase classname="api.tests.DataDrivenTests" name="getAllStoreData" time="1.420"/>
  <testcase classname="api.tests.DataDrivenTests" name="getAllStoreData" time="1.528"/>
  <testcase classname="api.tests.DataDrivenTests" name="getAllStoreData" time="1.531"/>
  <testcase classname="api.tests.DataDrivenTests" name="getAllStoreData" time="1.527"/>
  <testcase classname="api.tests.DataDrivenTests" name="getAllStoreData" time="1.380"/>
  <testcase classname="api.tests.DataDrivenTests" name="getAllStoreData" time="1.531"/>
  <testcase classname="api.tests.DataDrivenTests" name="getAllStoreData" time="1.321"/>
  <testcase classname="api.tests.DataDrivenTests" name="getAllStoreData" time="1.528"/>
  <testcase classname="api.tests.DataDrivenTests" name="getAllStoreData" time="1.437"/>
  <testcase classname="api.tests.DataDrivenTests" name="getAllStoreData" time="1.490"/>
  <testcase classname="api.tests.DataDrivenTests" name="getAllStoreData" time="1.429"/>
  <testcase classname="api.tests.DataDrivenTests" name="getAllStoreData" time="1.530"/>
  <testcase classname="api.tests.DataDrivenTests" name="getAllStoreData" time="1.435"/>
  <testcase classname="api.tests.DataDrivenTests" name="getAllStoreData" time="1.519"/>
  <testcase classname="api.tests.DataDrivenTests" name="getAllStoreData" time="1.429"/>
  <testcase classname="api.tests.DataDrivenTests" name="getAllStoreData" time="1.536"/>
  <testcase classname="api.tests.DataDrivenTests" name="getAllStoreData" time="1.537"/>
  <testcase classname="api.tests.DataDrivenTests" name="getAllStoreData" time="1.385"/>
  <testcase classname="api.tests.DataDrivenTests" name="getAllStoreData" time="1.460"/>
  <testcase classname="api.tests.DataDrivenTests" name="getAllStoreData" time="1.363"/>
  <testcase classname="api.tests.DataDrivenTests" name="getAllStoreData" time="1.536"/>
  <testcase classname="api.tests.DataDrivenTests" name="getAllStoreData" time="1.355"/>
  <testcase classname="api.tests.DataDrivenTests" name="getAllStoreData" time="1.499"/>
  <testcase classname="api.tests.DataDrivenTests" name="getAllStoreData" time="1.528"/>
  <testcase classname="api.tests.DataDrivenTests" name="getAllStoreData" time="1.503"/>
  <testcase classname="api.tests.DataDrivenTests" name="getAllStoreData" time="1.502"/>
  <testcase classname="api.tests.DataDrivenTests" name="getAllStoreData" time="1.528"/>
  <testcase classname="api.tests.DataDrivenTests" name="getAllStoreData" time="1.460"/>
  <testcase classname="api.tests.DataDrivenTests" name="getAllStoreData" time="1.458"/>
  <testcase classname="api.tests.DataDrivenTests" name="getAllStoreData" time="1.323"/>
  <testcase classname="api.tests.DataDrivenTests" name="getAllStoreData" time="1.629"/>
  <testcase classname="api.tests.DataDrivenTests" name="getAllStoreData" time="1.532"/>
  <testcase classname="api.tests.DataDrivenTests" name="getAllStoreData" time="1.607"/>
  <testcase classname="api.tests.DataDrivenTests" name="getAllStoreData" time="1.533"/>
  <testcase classname="api.tests.DataDrivenTests" name="getAllStoreData" time="1.532"/>
  <testcase classname="api.tests.DataDrivenTests" name="getAllStoreData" time="1.217"/>
  <testcase classname="api.tests.DataDrivenTests" name="getAllStoreData" time="1.325"/>
  <testcase classname="api.tests.DataDrivenTests" name="getAllStoreData" time="1.532"/>
  <testcase classname="api.tests.DataDrivenTests" name="getAllStoreData" time="1.530"/>
  <testcase classname="api.tests.DataDrivenTests" name="getAllStoreData" time="1.583"/>
  <testcase classname="api.tests.DataDrivenTests" name="getAllStoreData" time="1.535"/>
  <testcase classname="api.tests.DataDrivenTests" name="getAllStoreData" time="1.441"/>
  <testcase classname="api.tests.DataDrivenTests" name="getAllStoreData" time="1.468"/>
  <testcase classname="api.tests.DataDrivenTests" name="getAllStoreData" time="1.495"/>
  <testcase classname="api.tests.DataDrivenTests" name="getAllStoreData" time="1.429"/>
  <testcase classname="api.tests.DataDrivenTests" name="getAllStoreData" time="1.566"/>
  <testcase classname="api.tests.DataDrivenTests" name="getAllStoreData" time="1.523"/>
  <testcase classname="api.tests.DataDrivenTests" name="getAllStoreData" time="1.400"/>
  <testcase classname="api.tests.DataDrivenTests" name="getAllStoreData" time="1.247"/>
  <testcase classname="api.tests.DataDrivenTests" name="getAllStoreData" time="1.440"/>
  <testcase classname="api.tests.DataDrivenTests" name="getAllStoreData" time="1.530"/>
  <testcase classname="api.tests.DataDrivenTests" name="getAllStoreData" time="1.351"/>
  <testcase classname="api.tests.DataDrivenTests" name="getAllStoreData" time="1.524"/>
  <testcase classname="api.tests.DataDrivenTests" name="getAllStoreData" time="1.440"/>
  <testcase classname="api.tests.DataDrivenTests" name="getAllStoreData" time="1.530"/>
  <testcase classname="api.tests.DataDrivenTests" name="getAllStoreData" time="1.534"/>
  <testcase classname="api.tests.DataDrivenTests" name="getAllStoreData" time="1.433"/>
  <testcase classname="api.tests.DataDrivenTests" name="getAllStoreData" time="1.533"/>
  <testcase classname="api.tests.DataDrivenTests" name="getAllStoreData" time="1.623"/>
  <testcase classname="api.tests.DataDrivenTests" name="getAllStoreData" time="1.578"/>
  <testcase classname="api.tests.DataDrivenTests" name="getAllStoreData" time="1.602"/>
  <testcase classname="api.tests.DataDrivenTests" name="getAllStoreData" time="1.637"/>
  <testcase classname="api.tests.DataDrivenTests" name="getAllStoreData" time="1.524"/>
  <testcase classname="api.tests.DataDrivenTests" name="getAllStoreData" time="1.408"/>
  <testcase classname="api.tests.DataDrivenTests" name="getAllStoreData" time="2.830"/>
  <testcase classname="api.tests.DataDrivenTests" name="getAllStoreData" time="1.535"/>
  <testcase classname="api.tests.DataDrivenTests" name="getAllStoreData" time="1.489"/>
  <testcase classname="api.tests.DataDrivenTests" name="getAllStoreData" time="1.328"/>
  <testcase classname="api.tests.DataDrivenTests" name="getAllStoreData" time="1.500"/>
  <testcase classname="api.tests.DataDrivenTests" name="getAllStoreData" time="1.494"/>
  <testcase classname="api.tests.DataDrivenTests" name="getAllStoreData" time="1.524"/>
  <testcase classname="api.tests.DataDrivenTests" name="getAllStoreData" time="1.526"/>
  <testcase classname="api.tests.DataDrivenTests" name="getAllStoreData" time="1.424"/>
  <testcase classname="api.tests.DataDrivenTests" name="getAllStoreData" time="1.519"/>
  <testcase classname="api.tests.DataDrivenTests" name="getAllStoreData" time="1.542"/>
  <testcase classname="api.tests.DataDrivenTests" name="getAllStoreData" time="1.527"/>
  <testcase classname="api.tests.DataDrivenTests" name="getAllStoreData" time="1.431"/>
  <testcase classname="api.tests.DataDrivenTests" name="getAllStoreData" time="1.433"/>
  <testcase classname="api.tests.DataDrivenTests" name="getAllStoreData" time="0.009">
    <error message="For input string: &quot;orderId&quot;" type="java.lang.NumberFormatException">
      <![CDATA[java.lang.NumberFormatException: For input string: "orderId"
at java.base/java.lang.NumberFormatException.forInputString(NumberFormatException.java:67)
at java.base/java.lang.Integer.parseInt(Integer.java:662)
at java.base/java.lang.Integer.parseInt(Integer.java:778)
at api.tests.DataDrivenTests.getAllStoreData(DataDrivenTests.java:46)
at java.base/jdk.internal.reflect.DirectMethodHandleAccessor.invoke(DirectMethodHandleAccessor.java:103)
at java.base/java.lang.reflect.Method.invoke(Method.java:580)
at org.testng.internal.invokers.MethodInvocationHelper.invokeMethod(MethodInvocationHelper.java:141)
at org.testng.internal.invokers.TestInvoker.invokeMethod(TestInvoker.java:697)
at org.testng.internal.invokers.TestInvoker.invokeTestMethod(TestInvoker.java:230)
at org.testng.internal.invokers.MethodRunner.runInSequence(MethodRunner.java:63)
at org.testng.internal.invokers.TestInvoker$MethodInvocationAgent.invoke(TestInvoker.java:1005)
at org.testng.internal.invokers.TestInvoker.invokeTestMethods(TestInvoker.java:203)
at org.testng.internal.invokers.TestMethodWorker.invokeTestMethods(TestMethodWorker.java:154)
at org.testng.internal.invokers.TestMethodWorker.run(TestMethodWorker.java:134)
at java.base/java.util.ArrayList.forEach(ArrayList.java:1596)
at org.testng.TestRunner.privateRun(TestRunner.java:744)
at org.testng.TestRunner.run(TestRunner.java:616)
at org.testng.SuiteRunner.runTest(SuiteRunner.java:421)
at org.testng.SuiteRunner.runSequentially(SuiteRunner.java:413)
at org.testng.SuiteRunner.privateRun(SuiteRunner.java:373)
at org.testng.SuiteRunner.run(SuiteRunner.java:312)
at org.testng.SuiteRunnerWorker.runSuite(SuiteRunnerWorker.java:52)
at org.testng.SuiteRunnerWorker.run(SuiteRunnerWorker.java:95)
at org.testng.TestNG.runSuitesSequentially(TestNG.java:1274)
at org.testng.TestNG.runSuitesLocally(TestNG.java:1208)
at org.testng.TestNG.runSuites(TestNG.java:1112)
at org.testng.TestNG.run(TestNG.java:1079)
at org.testng.remote.AbstractRemoteTestNG.run(AbstractRemoteTestNG.java:115)
at org.testng.remote.RemoteTestNG.initAndRun(RemoteTestNG.java:293)
at org.testng.remote.RemoteTestNG.main(RemoteTestNG.java:91)
]]>
    </error>
  </testcase> <!-- getAllStoreData -->
  <testcase classname="api.tests.DataDrivenTests" name="getAllStoreData" time="1.465"/>
  <testcase classname="api.tests.DataDrivenTests" name="getAllStoreData" time="1.610"/>
  <testcase classname="api.tests.DataDrivenTests" name="getAllStoreData" time="1.395"/>
  <testcase classname="api.tests.DataDrivenTests" name="getAllStoreData" time="1.525"/>
  <testcase classname="api.tests.DataDrivenTests" name="getAllStoreData" time="1.529"/>
  <testcase classname="api.tests.DataDrivenTests" name="getAllStoreData" time="1.531"/>
  <testcase classname="api.tests.DataDrivenTests" name="getAllStoreData" time="1.425"/>
  <testcase classname="api.tests.DataDrivenTests" name="getAllStoreData" time="1.435"/>
  <testcase classname="api.tests.DataDrivenTests" name="getAllStoreData" time="1.547"/>
  <testcase classname="api.tests.DataDrivenTests" name="getAllStoreData" time="1.536"/>
  <testcase classname="api.tests.DataDrivenTests" name="getAllStoreData" time="1.424"/>
  <testcase classname="api.tests.DataDrivenTests" name="getAllStoreData" time="1.529"/>
  <testcase classname="api.tests.DataDrivenTests" name="getAllStoreData" time="1.420"/>
  <testcase classname="api.tests.DataDrivenTests" name="getAllStoreData" time="1.521"/>
  <testcase classname="api.tests.DataDrivenTests" name="getAllStoreData" time="1.530"/>
  <testcase classname="api.tests.DataDrivenTests" name="getAllStoreData" time="1.531"/>
  <testcase classname="api.tests.DataDrivenTests" name="getAllStoreData" time="1.467"/>
  <testcase classname="api.tests.DataDrivenTests" name="getAllStoreData" time="1.534"/>
  <testcase classname="api.tests.DataDrivenTests" name="getAllStoreData" time="1.436"/>
  <testcase classname="api.tests.DataDrivenTests" name="getAllStoreData" time="1.421"/>
</testsuite> <!-- api.tests.DataDrivenTests -->
