<?xml version="1.0" encoding="UTF-8"?>
<!-- Generated by org.testng.reporters.JUnitReportReporter -->
<testsuite hostname="LAPTOP-C8Q9NE1G" failures="0" tests="6" name="api.tests.PetTests" time="11.056" errors="0" timestamp="2026-09-05T14:37:31 IST" skipped="0">
  <testcase classname="api.tests.PetTests" name="addNewPet" time="3.404"/>
  <testcase classname="api.tests.PetTests" name="getPetById" time="1.520"/>
  <testcase classname="api.tests.PetTests" name="updatePet" time="1.532"/>
  <testcase classname="api.tests.PetTests" name="getPetByStatus" time="1.542"/>
  <testcase classname="api.tests.PetTests" name="updatePetWithFormData" time="1.626"/>
  <testcase classname="api.tests.PetTests" name="deletePet" time="1.432"/>
</testsuite> <!-- api.tests.PetTests -->
